Running classifier: logistic with feature extractor: doc2vec_minmax 
Start Time:  1:51:25,15 
Runtime for classifier logistic with feature extractor doc2vec_minmax: 182 seconds 
Start Total Centiseconds: 668515, End Total Centiseconds: 686802, Difference in Seconds: 182 
End Time:  1:54:28,02 
############## The whole computation took 182 SECONDS or 3 MINUTES ###################### 
Running classifier: logistic with feature extractor: doc2vec 
Start Time:  1:54:28,05 
Runtime for classifier logistic with feature extractor doc2vec: 174 seconds 
Start Total Centiseconds: 686805, End Total Centiseconds: 704248, Difference in Seconds: 174 
End Time:  1:57:22,48 
############## The whole computation took 174 SECONDS or 2 MINUTES ###################### 
Running classifier: logistic with feature extractor: doc2vecaddabsmin 
Start Time:  1:57:22,51 
Runtime for classifier logistic with feature extractor doc2vecaddabsmin: 186 seconds 
Start Total Centiseconds: 704251, End Total Centiseconds: 722907, Difference in Seconds: 186 
End Time:  2:00:29,07 
############## The whole computation took 186 SECONDS or 3 MINUTES ###################### 
Running classifier: logistic with feature extractor: doc2vec_cdf 
Start Time:  2:00:29,10 
Runtime for classifier logistic with feature extractor doc2vec_cdf: 179 seconds 
Start Total Centiseconds: 722910, End Total Centiseconds: 740819, Difference in Seconds: 179 
End Time:  2:03:28,19 
############## The whole computation took 179 SECONDS or 2 MINUTES ###################### 
Running classifier: logistic with feature extractor: doc2vec_sigmoid 
Start Time:  2:03:28,22 
Runtime for classifier logistic with feature extractor doc2vec_sigmoid: 180 seconds 
Start Total Centiseconds: 740822, End Total Centiseconds: 758915, Difference in Seconds: 180 
End Time:  2:06:29,15 
############## The whole computation took 180 SECONDS or 3 MINUTES ###################### 
Running classifier: logistic with feature extractor: doc2vec_zscore_minmax 
Start Time:  2:06:29,18 
Runtime for classifier logistic with feature extractor doc2vec_zscore_minmax: 180 seconds 
Start Total Centiseconds: 758918, End Total Centiseconds: 723156, Difference in Seconds: 180 
End Time:  2:09:31,56 
############## The whole computation took 86042 SECONDS or 1434 MINUTES ###################### 
Running classifier: logistic with feature extractor: doc2vec_pareto_minmax 
Start Time:  2:09:31,59 
Runtime for classifier logistic with feature extractor doc2vec_pareto_minmax: 750 seconds 
Start Total Centiseconds: 723159, End Total Centiseconds: 798256, Difference in Seconds: 750 
End Time:  2:13:02,56 
############## The whole computation took 750 SECONDS or 12 MINUTES ###################### 
Running classifier: logistic with feature extractor: doc2vec_l2_normalize_minmax 
Start Time:  2:13:02,59 
Runtime for classifier logistic with feature extractor doc2vec_l2_normalize_minmax: 228 seconds 
Start Total Centiseconds: 798259, End Total Centiseconds: 821139, Difference in Seconds: 228 
End Time:  2:16:51,39 
############## The whole computation took 228 SECONDS or 3 MINUTES ###################### 
Running classifier: logistic with feature extractor: doc2vec_zscore_absmin 
Start Time:  2:16:51,42 
Runtime for classifier logistic with feature extractor doc2vec_zscore_absmin: 218 seconds 
Start Total Centiseconds: 821142, End Total Centiseconds: 842969, Difference in Seconds: 218 
End Time:  2:20:29,69 
############## The whole computation took 218 SECONDS or 3 MINUTES ###################### 
Running classifier: logistic with feature extractor: doc2vec_pareto_absmin 
Start Time:  2:20:29,72 
Runtime for classifier logistic with feature extractor doc2vec_pareto_absmin: 220 seconds 
Start Total Centiseconds: 842972, End Total Centiseconds: 865063, Difference in Seconds: 220 
End Time:  2:24:10,63 
############## The whole computation took 220 SECONDS or 3 MINUTES ###################### 
Running classifier: logistic with feature extractor: doc2vec_l2_normalize_absmin 
Start Time:  2:24:10,65 
Runtime for classifier logistic with feature extractor doc2vec_l2_normalize_absmin: 364 seconds 
Start Total Centiseconds: 865065, End Total Centiseconds: 901562, Difference in Seconds: 364 
End Time:  2:30:15,62 
############## The whole computation took 364 SECONDS or 6 MINUTES ###################### 
Running classifier: logistic with feature extractor: doc2vec_zscore_sqrt 
Start Time:  2:30:15,65 
Runtime for classifier logistic with feature extractor doc2vec_zscore_sqrt: 218 seconds 
Start Total Centiseconds: 901565, End Total Centiseconds: 923419, Difference in Seconds: 218 
End Time:  2:33:54,19 
############## The whole computation took 218 SECONDS or 3 MINUTES ###################### 
Running classifier: logistic with feature extractor: doc2vec_pareto_sqrt 
Start Time:  2:33:54,21 
Runtime for classifier logistic with feature extractor doc2vec_pareto_sqrt: 217 seconds 
Start Total Centiseconds: 923421, End Total Centiseconds: 945204, Difference in Seconds: 217 
End Time:  2:37:32,04 
############## The whole computation took 217 SECONDS or 3 MINUTES ###################### 
Running classifier: logistic with feature extractor: doc2vec_l2_normalize_sqrt 
Start Time:  2:37:32,08 
Runtime for classifier logistic with feature extractor doc2vec_l2_normalize_sqrt: 220 seconds 
Start Total Centiseconds: 945200, End Total Centiseconds: 967202, Difference in Seconds: 220 
End Time:  2:41:12,02 
############## The whole computation took 220 SECONDS or 3 MINUTES ###################### 
Running classifier: logistic with feature extractor: doc2vec_zscore_cdf 
Start Time:  2:41:12,05 
Runtime for classifier logistic with feature extractor doc2vec_zscore_cdf: 220 seconds 
Start Total Centiseconds: 967205, End Total Centiseconds: 989297, Difference in Seconds: 220 
End Time:  2:44:52,97 
############## The whole computation took 220 SECONDS or 3 MINUTES ###################### 
Running classifier: logistic with feature extractor: doc2vec_pareto_cdf 
Start Time:  2:44:53,00 
Runtime for classifier logistic with feature extractor doc2vec_pareto_cdf: 225 seconds 
Start Total Centiseconds: 989300, End Total Centiseconds: 1011800, Difference in Seconds: 225 
End Time:  2:48:38,08 
############## The whole computation took 225 SECONDS or 3 MINUTES ###################### 
Running classifier: logistic with feature extractor: doc2vec_l2_normalize_cdf 
Start Time:  2:48:38,10 
Runtime for classifier logistic with feature extractor doc2vec_l2_normalize_cdf: 221 seconds 
Start Total Centiseconds: 1011810, End Total Centiseconds: 1033996, Difference in Seconds: 221 
End Time:  2:52:19,96 
############## The whole computation took 221 SECONDS or 3 MINUTES ###################### 
Running classifier: logistic with feature extractor: doc2vec_zscore_sigmoid 
Start Time:  2:52:19,99 
Runtime for classifier logistic with feature extractor doc2vec_zscore_sigmoid: 223 seconds 
Start Total Centiseconds: 1033999, End Total Centiseconds: 1056387, Difference in Seconds: 223 
End Time:  2:56:03,87 
############## The whole computation took 223 SECONDS or 3 MINUTES ###################### 
Running classifier: logistic with feature extractor: doc2vec_pareto_sigmoid 
Start Time:  2:56:03,90 
Runtime for classifier logistic with feature extractor doc2vec_pareto_sigmoid: 225 seconds 
Start Total Centiseconds: 1056390, End Total Centiseconds: 1078942, Difference in Seconds: 225 
End Time:  2:59:49,42 
############## The whole computation took 225 SECONDS or 3 MINUTES ###################### 
Running classifier: logistic with feature extractor: doc2vec_l2_normalize_sigmoid 
Start Time:  2:59:49,45 
Runtime for classifier logistic with feature extractor doc2vec_l2_normalize_sigmoid: 984 seconds 
Start Total Centiseconds: 1078945, End Total Centiseconds: 1177437, Difference in Seconds: 984 
End Time:  3:16:14,37 
############## The whole computation took 984 SECONDS or 16 MINUTES ###################### 
Running classifier: logistic with feature extractor: doc2vec_sqrt 
Start Time:  3:16:14,40 
Runtime for classifier logistic with feature extractor doc2vec_sqrt: 104 seconds 
Start Total Centiseconds: 1177440, End Total Centiseconds: 1187924, Difference in Seconds: 104 
End Time:  3:17:59,24 
############## The whole computation took 104 SECONDS or 1 MINUTES ###################### 
Running classifier: nb with feature extractor: doc2vec_minmax 
Start Time:  3:17:59,27 
Runtime for classifier nb with feature extractor doc2vec_minmax: 226 seconds 
Start Total Centiseconds: 1187927, End Total Centiseconds: 1210605, Difference in Seconds: 226 
End Time:  3:21:46,05 
############## The whole computation took 226 SECONDS or 3 MINUTES ###################### 
Running classifier: nb with feature extractor: doc2vec 
Start Time:  3:21:46,07 
Runtime for classifier nb with feature extractor doc2vec: 78 seconds 
Start Total Centiseconds: 1210607, End Total Centiseconds: 1218463, Difference in Seconds: 78 
End Time:  3:23:04,63 
############## The whole computation took 78 SECONDS or 1 MINUTES ###################### 
Running classifier: nb with feature extractor: doc2vecaddabsmin 
Start Time:  3:23:04,67 
Runtime for classifier nb with feature extractor doc2vecaddabsmin: 220 seconds 
Start Total Centiseconds: 1218467, End Total Centiseconds: 1240499, Difference in Seconds: 220 
End Time:  3:26:44,99 
############## The whole computation took 220 SECONDS or 3 MINUTES ###################### 
Running classifier: nb with feature extractor: doc2vec_cdf 
Start Time:  3:26:45,01 
Runtime for classifier nb with feature extractor doc2vec_cdf: 223 seconds 
Start Total Centiseconds: 1240501, End Total Centiseconds: 1262856, Difference in Seconds: 223 
End Time:  3:30:28,56 
############## The whole computation took 223 SECONDS or 3 MINUTES ###################### 
Running classifier: nb with feature extractor: doc2vec_sigmoid 
Start Time:  3:30:28,59 
Runtime for classifier nb with feature extractor doc2vec_sigmoid: 222 seconds 
Start Total Centiseconds: 1262859, End Total Centiseconds: 1285149, Difference in Seconds: 222 
End Time:  3:34:11,49 
############## The whole computation took 222 SECONDS or 3 MINUTES ###################### 
Running classifier: nb with feature extractor: doc2vec_zscore_minmax 
Start Time:  3:34:11,52 
Runtime for classifier nb with feature extractor doc2vec_zscore_minmax: 329 seconds 
Start Total Centiseconds: 1285152, End Total Centiseconds: 1318107, Difference in Seconds: 329 
End Time:  3:39:41,07 
############## The whole computation took 329 SECONDS or 5 MINUTES ###################### 
Running classifier: nb with feature extractor: doc2vec_pareto_minmax 
Start Time:  3:39:41,09 
Runtime for classifier nb with feature extractor doc2vec_pareto_minmax: 220 seconds 
Start Total Centiseconds: 1318100, End Total Centiseconds: 1340193, Difference in Seconds: 220 
End Time:  3:43:21,93 
############## The whole computation took 220 SECONDS or 3 MINUTES ###################### 
Running classifier: nb with feature extractor: doc2vec_l2_normalize_minmax 
Start Time:  3:43:21,95 
Runtime for classifier nb with feature extractor doc2vec_l2_normalize_minmax: 222 seconds 
Start Total Centiseconds: 1340195, End Total Centiseconds: 1362424, Difference in Seconds: 222 
End Time:  3:47:04,24 
############## The whole computation took 222 SECONDS or 3 MINUTES ###################### 
Running classifier: nb with feature extractor: doc2vec_zscore_absmin 
Start Time:  3:47:04,26 
Runtime for classifier nb with feature extractor doc2vec_zscore_absmin: 222 seconds 
Start Total Centiseconds: 1362426, End Total Centiseconds: 1384701, Difference in Seconds: 222 
End Time:  3:50:47,01 
############## The whole computation took 222 SECONDS or 3 MINUTES ###################### 
Running classifier: nb with feature extractor: doc2vec_pareto_absmin 
Start Time:  3:50:47,03 
Runtime for classifier nb with feature extractor doc2vec_pareto_absmin: 224 seconds 
Start Total Centiseconds: 1384703, End Total Centiseconds: 1407158, Difference in Seconds: 224 
End Time:  3:54:31,58 
############## The whole computation took 224 SECONDS or 3 MINUTES ###################### 
Running classifier: nb with feature extractor: doc2vec_l2_normalize_absmin 
Start Time:  3:54:31,61 
Runtime for classifier nb with feature extractor doc2vec_l2_normalize_absmin: 222 seconds 
Start Total Centiseconds: 1407161, End Total Centiseconds: 1429430, Difference in Seconds: 222 
End Time:  3:58:14,30 
############## The whole computation took 222 SECONDS or 3 MINUTES ###################### 
Running classifier: nb with feature extractor: doc2vec_zscore_sqrt 
Start Time:  3:58:14,32 
Runtime for classifier nb with feature extractor doc2vec_zscore_sqrt: 214 seconds 
Start Total Centiseconds: 1429432, End Total Centiseconds: 1450917, Difference in Seconds: 214 
End Time:  4:01:49,17 
############## The whole computation took 214 SECONDS or 3 MINUTES ###################### 
Running classifier: nb with feature extractor: doc2vec_pareto_sqrt 
Start Time:  4:01:49,19 
Runtime for classifier nb with feature extractor doc2vec_pareto_sqrt: 217 seconds 
Start Total Centiseconds: 1450919, End Total Centiseconds: 1472718, Difference in Seconds: 217 
End Time:  4:05:27,18 
############## The whole computation took 217 SECONDS or 3 MINUTES ###################### 
Running classifier: nb with feature extractor: doc2vec_l2_normalize_sqrt 
Start Time:  4:05:27,21 
Runtime for classifier nb with feature extractor doc2vec_l2_normalize_sqrt: 86132 seconds 
Start Total Centiseconds: 1472721, End Total Centiseconds: 1445942, Difference in Seconds: 86132 
End Time:  4:08:59,42 
############## The whole computation took 86132 SECONDS or 1435 MINUTES ###################### 
Running classifier: nb with feature extractor: doc2vec_zscore_cdf 
Start Time:  4:08:59,44 
Runtime for classifier nb with feature extractor doc2vec_zscore_cdf: 700 seconds 
Start Total Centiseconds: 1445944, End Total Centiseconds: 1515946, Difference in Seconds: 700 
End Time:  4:12:39,46 
############## The whole computation took 700 SECONDS or 11 MINUTES ###################### 
Running classifier: nb with feature extractor: doc2vec_pareto_cdf 
Start Time:  4:12:39,48 
Runtime for classifier nb with feature extractor doc2vec_pareto_cdf: 220 seconds 
Start Total Centiseconds: 1515948, End Total Centiseconds: 1537986, Difference in Seconds: 220 
End Time:  4:16:19,86 
############## The whole computation took 220 SECONDS or 3 MINUTES ###################### 
Running classifier: nb with feature extractor: doc2vec_l2_normalize_cdf 
Start Time:  4:16:19,88 
Runtime for classifier nb with feature extractor doc2vec_l2_normalize_cdf: 220 seconds 
Start Total Centiseconds: 1537988, End Total Centiseconds: 1560024, Difference in Seconds: 220 
End Time:  4:20:00,24 
############## The whole computation took 220 SECONDS or 3 MINUTES ###################### 
Running classifier: nb with feature extractor: doc2vec_zscore_sigmoid 
Start Time:  4:20:00,27 
Runtime for classifier nb with feature extractor doc2vec_zscore_sigmoid: 222 seconds 
Start Total Centiseconds: 1560027, End Total Centiseconds: 1582307, Difference in Seconds: 222 
End Time:  4:23:43,07 
############## The whole computation took 222 SECONDS or 3 MINUTES ###################### 
Running classifier: nb with feature extractor: doc2vec_pareto_sigmoid 
Start Time:  4:23:43,10 
Runtime for classifier nb with feature extractor doc2vec_pareto_sigmoid: 224 seconds 
Start Total Centiseconds: 1582310, End Total Centiseconds: 1604774, Difference in Seconds: 224 
End Time:  4:27:27,74 
############## The whole computation took 224 SECONDS or 3 MINUTES ###################### 
Running classifier: nb with feature extractor: doc2vec_l2_normalize_sigmoid 
Start Time:  4:27:27,76 
Runtime for classifier nb with feature extractor doc2vec_l2_normalize_sigmoid: 212 seconds 
Start Total Centiseconds: 1604776, End Total Centiseconds: 1626028, Difference in Seconds: 212 
End Time:  4:31:09,28 
############## The whole computation took 212 SECONDS or 3 MINUTES ###################### 
Running classifier: nb with feature extractor: doc2vec_sqrt 
Start Time:  4:31:09,31 
Runtime for classifier nb with feature extractor doc2vec_sqrt: 113 seconds 
Start Total Centiseconds: 1626031, End Total Centiseconds: 1637400, Difference in Seconds: 113 
End Time:  4:32:54,08 
############## The whole computation took 113 SECONDS or 1 MINUTES ###################### 
DONE 
