Time start:  22:54:37,43 
utilization.memory [%]
0 %
utilization.gpu [%]
0 %
Time end:  22:54:38,18 
Time start:  22:54:38,18 
utilization.memory [%]
0 %
utilization.gpu [%]
0 %
Time end:  22:54:39,14 
Time start:  22:54:39,14 
utilization.memory [%]
0 %
utilization.gpu [%]
0 %
Time end:  22:54:40,20 
Time start:  22:54:40,21 
utilization.memory [%]
0 %
utilization.gpu [%]
0 %
Time end:  22:54:41,15 
Time start:  22:54:41,15 
utilization.memory [%]
0 %
utilization.gpu [%]
0 %
Time end:  22:54:42,21 
Time start:  22:54:42,21 
utilization.memory [%]
0 %
utilization.gpu [%]
0 %
Time end:  22:54:43,15 
Time start:  22:54:43,16 
utilization.memory [%]
0 %
utilization.gpu [%]
0 %
Time end:  22:54:44,21 
Time start:  22:54:44,21 
utilization.memory [%]
0 %
utilization.gpu [%]
0 %
Time end:  22:54:45,19 
Time start:  22:54:45,19 
utilization.memory [%]
0 %
utilization.gpu [%]
0 %
Time end:  22:54:46,17 
Time start:  22:54:46,17 
utilization.memory [%]
0 %
utilization.gpu [%]
0 %
Time end:  22:54:47,11 
Time start:  22:54:47,11 
utilization.memory [%]
0 %
utilization.gpu [%]
0 %
Time end:  22:54:48,18 
Time start:  22:54:48,19 
utilization.memory [%]
0 %
utilization.gpu [%]
0 %
Time end:  22:54:49,15 
Time start:  22:54:49,15 
utilization.memory [%]
0 %
utilization.gpu [%]
0 %
Time end:  22:54:50,13 
Time start:  22:54:50,13 
utilization.memory [%]
0 %
utilization.gpu [%]
0 %
Time end:  22:54:51,20 
Time start:  22:54:51,20 
utilization.memory [%]
0 %
utilization.gpu [%]
0 %
Time end:  22:54:52,20 
Time start:  22:54:52,20 
utilization.memory [%]
0 %
utilization.gpu [%]
0 %
Time end:  22:54:53,15 
Time start:  22:54:53,15 
utilization.memory [%]
0 %
utilization.gpu [%]
0 %
Time end:  22:54:54,13 
Time start:  22:54:54,13 
utilization.memory [%]
0 %
utilization.gpu [%]
0 %
Time end:  22:54:55,21 
Time start:  22:54:55,21 
utilization.memory [%]
0 %
utilization.gpu [%]
0 %
Time end:  22:54:56,17 
Time start:  22:54:56,17 
utilization.memory [%]
0 %
utilization.gpu [%]
0 %
Time end:  22:54:57,13 
Time start:  22:54:57,13 
utilization.memory [%]
0 %
utilization.gpu [%]
0 %
Time end:  22:54:58,20 
Time start:  22:54:58,20 
utilization.memory [%]
0 %
utilization.gpu [%]
0 %
Time end:  22:54:59,16 
Time start:  22:54:59,16 
utilization.memory [%]
0 %
utilization.gpu [%]
0 %
Time end:  22:55:00,13 
Time start:  22:55:00,13 
utilization.memory [%]
0 %
utilization.gpu [%]
0 %
Time end:  22:55:01,20 
Time start:  22:55:01,21 
utilization.memory [%]
0 %
utilization.gpu [%]
0 %
Time end:  22:55:02,17 
Time start:  22:55:02,17 
utilization.memory [%]
0 %
utilization.gpu [%]
0 %
Time end:  22:55:03,15 
Time start:  22:55:03,15 
utilization.memory [%]
0 %
utilization.gpu [%]
0 %
Time end:  22:55:04,12 
Time start:  22:55:04,12 
utilization.memory [%]
0 %
utilization.gpu [%]
0 %
Time end:  22:55:05,22 
Time start:  22:55:05,22 
utilization.memory [%]
0 %
utilization.gpu [%]
0 %
Time end:  22:55:06,19 
Time start:  22:55:06,20 
utilization.memory [%]
0 %
utilization.gpu [%]
0 %
Time end:  22:55:07,18 
Time start:  22:55:07,18 
utilization.memory [%]
0 %
utilization.gpu [%]
0 %
Time end:  22:55:08,14 
Time start:  22:55:08,14 
utilization.memory [%]
0 %
utilization.gpu [%]
0 %
Time end:  22:55:09,12 
Time start:  22:55:09,12 
utilization.memory [%]
0 %
utilization.gpu [%]
0 %
Time end:  22:55:10,21 
Time start:  22:55:10,21 
utilization.memory [%]
0 %
utilization.gpu [%]
0 %
Time end:  22:55:11,19 
Time start:  22:55:11,19 
utilization.memory [%]
0 %
utilization.gpu [%]
0 %
Time end:  22:55:12,17 
Time start:  22:55:12,17 
utilization.memory [%]
0 %
utilization.gpu [%]
0 %
Time end:  22:55:13,15 
Time start:  22:55:13,15 
utilization.memory [%]
0 %
utilization.gpu [%]
0 %
Time end:  22:55:14,13 
Time start:  22:55:14,13 
utilization.memory [%]
0 %
utilization.gpu [%]
0 %
Time end:  22:55:15,11 
Time start:  22:55:15,11 
utilization.memory [%]
0 %
utilization.gpu [%]
0 %
Time end:  22:55:16,20 
Time start:  22:55:16,21 
utilization.memory [%]
0 %
utilization.gpu [%]
0 %
Time end:  22:55:17,18 
Time start:  22:55:17,18 
utilization.memory [%]
0 %
utilization.gpu [%]
0 %
Time end:  22:55:18,16 
Time start:  22:55:18,16 
utilization.memory [%]
0 %
utilization.gpu [%]
0 %
Time end:  22:55:19,14 
Time start:  22:55:19,14 
utilization.memory [%]
0 %
utilization.gpu [%]
0 %
Time end:  22:55:20,14 
Time start:  22:55:20,14 
utilization.memory [%]
0 %
utilization.gpu [%]
0 %
Time end:  22:55:21,20 
Time start:  22:55:21,20 
utilization.memory [%]
0 %
utilization.gpu [%]
0 %
Time end:  22:55:22,18 
Time start:  22:55:22,18 
utilization.memory [%]
0 %
utilization.gpu [%]
0 %
Time end:  22:55:23,16 
Time start:  22:55:23,16 
utilization.memory [%]
0 %
utilization.gpu [%]
0 %
Time end:  22:55:24,14 
Time start:  22:55:24,14 
utilization.memory [%]
0 %
utilization.gpu [%]
0 %
Time end:  22:55:25,21 
Time start:  22:55:25,21 
utilization.memory [%]
0 %
utilization.gpu [%]
0 %
Time end:  22:55:26,18 
Time start:  22:55:26,18 
utilization.memory [%]
0 %
utilization.gpu [%]
0 %
Time end:  22:55:27,12 
Time start:  22:55:27,13 
utilization.memory [%]
0 %
utilization.gpu [%]
0 %
Time end:  22:55:28,11 
Time start:  22:55:28,11 
utilization.memory [%]
0 %
utilization.gpu [%]
0 %
Time end:  22:55:29,17 
Time start:  22:55:29,17 
utilization.memory [%]
0 %
utilization.gpu [%]
0 %
Time end:  22:55:30,12 
Time start:  22:55:30,12 
utilization.memory [%]
0 %
utilization.gpu [%]
0 %
Time end:  22:55:31,19 
Time start:  22:55:31,20 
utilization.memory [%]
0 %
utilization.gpu [%]
0 %
Time end:  22:55:32,15 
Time start:  22:55:32,15 
utilization.memory [%]
0 %
utilization.gpu [%]
0 %
Time end:  22:55:33,13 
Time start:  22:55:33,13 
utilization.memory [%]
0 %
utilization.gpu [%]
0 %
Time end:  22:55:34,21 
Time start:  22:55:34,21 
utilization.memory [%]
0 %
utilization.gpu [%]
0 %
Time end:  22:55:35,16 
Time start:  22:55:35,16 
utilization.memory [%]
0 %
utilization.gpu [%]
0 %
Time end:  22:55:36,21 
Time start:  22:55:36,21 
utilization.memory [%]
0 %
utilization.gpu [%]
0 %
Time end:  22:55:37,16 
Time start:  22:55:37,16 
utilization.memory [%]
0 %
utilization.gpu [%]
0 %
Time end:  22:55:38,13 
Time start:  22:55:38,13 
utilization.memory [%]
0 %
utilization.gpu [%]
0 %
Time end:  22:55:39,19 
Time start:  22:55:39,19 
utilization.memory [%]
0 %
utilization.gpu [%]
0 %
Time end:  22:55:40,15 
Time start:  22:55:40,15 
utilization.memory [%]
0 %
utilization.gpu [%]
0 %
Time end:  22:55:41,12 
Time start:  22:55:41,12 
utilization.memory [%]
0 %
utilization.gpu [%]
0 %
Time end:  22:55:42,19 
Time start:  22:55:42,19 
utilization.memory [%]
0 %
utilization.gpu [%]
0 %
Time end:  22:55:43,18 
Time start:  22:55:43,18 
utilization.memory [%]
0 %
utilization.gpu [%]
0 %
Time end:  22:55:44,16 
Time start:  22:55:44,16 
utilization.memory [%]
0 %
utilization.gpu [%]
0 %
Time end:  22:55:45,14 
Time start:  22:55:45,14 
utilization.memory [%]
0 %
utilization.gpu [%]
0 %
Time end:  22:55:46,12 
Time start:  22:55:46,12 
utilization.memory [%]
0 %
utilization.gpu [%]
0 %
Time end:  22:55:47,21 
Time start:  22:55:47,21 
utilization.memory [%]
0 %
utilization.gpu [%]
0 %
Time end:  22:55:48,21 
Time start:  22:55:48,21 
utilization.memory [%]
0 %
utilization.gpu [%]
0 %
Time end:  22:55:49,20 
Time start:  22:55:49,20 
utilization.memory [%]
0 %
utilization.gpu [%]
0 %
Time end:  22:55:50,18 
Time start:  22:55:50,18 
utilization.memory [%]
0 %
utilization.gpu [%]
0 %
Time end:  22:55:51,16 
Time start:  22:55:51,16 
utilization.memory [%]
0 %
utilization.gpu [%]
0 %
Time end:  22:55:52,14 
Time start:  22:55:52,14 
utilization.memory [%]
0 %
utilization.gpu [%]
0 %
Time end:  22:55:53,12 
Time start:  22:55:53,12 
utilization.memory [%]
0 %
utilization.gpu [%]
0 %
Time end:  22:55:54,21 
Time start:  22:55:54,21 
utilization.memory [%]
0 %
utilization.gpu [%]
0 %
Time end:  22:55:55,19 
Time start:  22:55:55,19 
utilization.memory [%]
0 %
utilization.gpu [%]
0 %
Time end:  22:55:56,17 
Time start:  22:55:56,17 
utilization.memory [%]
0 %
utilization.gpu [%]
0 %
Time end:  22:55:57,16 
Time start:  22:55:57,16 
utilization.memory [%]
0 %
utilization.gpu [%]
0 %
Time end:  22:55:58,14 
Time start:  22:55:58,14 
utilization.memory [%]
0 %
utilization.gpu [%]
0 %
Time end:  22:55:59,12 
Time start:  22:55:59,12 
utilization.memory [%]
0 %
utilization.gpu [%]
0 %
Time end:  22:56:00,21 
Time start:  22:56:00,21 
utilization.memory [%]
0 %
utilization.gpu [%]
0 %
Time end:  22:56:01,20 
Time start:  22:56:01,20 
utilization.memory [%]
0 %
utilization.gpu [%]
0 %
Time end:  22:56:02,17 
Time start:  22:56:02,17 
utilization.memory [%]
0 %
utilization.gpu [%]
0 %
Time end:  22:56:03,13 
Time start:  22:56:03,13 
utilization.memory [%]
0 %
utilization.gpu [%]
0 %
Time end:  22:56:04,20 
Time start:  22:56:04,20 
utilization.memory [%]
0 %
utilization.gpu [%]
0 %
Time end:  22:56:05,15 
Time start:  22:56:05,15 
utilization.memory [%]
0 %
utilization.gpu [%]
0 %
Time end:  22:56:06,11 
Time start:  22:56:06,11 
utilization.memory [%]
0 %
utilization.gpu [%]
0 %
Time end:  22:56:07,19 
Time start:  22:56:07,20 
utilization.memory [%]
0 %
utilization.gpu [%]
0 %
Time end:  22:56:08,15 
Time start:  22:56:08,15 
utilization.memory [%]
0 %
utilization.gpu [%]
0 %
Time end:  22:56:09,12 
Time start:  22:56:09,12 
utilization.memory [%]
0 %
utilization.gpu [%]
0 %
Time end:  22:56:10,20 
Time start:  22:56:10,20 
utilization.memory [%]
0 %
utilization.gpu [%]
0 %
Time end:  22:56:11,17 
Time start:  22:56:11,17 
utilization.memory [%]
0 %
utilization.gpu [%]
0 %
Time end:  22:56:12,15 
Time start:  22:56:12,15 
utilization.memory [%]
0 %
utilization.gpu [%]
0 %
Time end:  22:56:13,12 
Time start:  22:56:13,12 
utilization.memory [%]
0 %
utilization.gpu [%]
0 %
Time end:  22:56:14,21 
Time start:  22:56:14,21 
utilization.memory [%]
0 %
utilization.gpu [%]
0 %
Time end:  22:56:15,19 
Time start:  22:56:15,19 
utilization.memory [%]
0 %
utilization.gpu [%]
0 %
Time end:  22:56:16,17 
Time start:  22:56:16,17 
utilization.memory [%]
0 %
utilization.gpu [%]
0 %
Time end:  22:56:17,16 
Time start:  22:56:17,16 
utilization.memory [%]
0 %
utilization.gpu [%]
0 %
Time end:  22:56:18,16 
Time start:  22:56:18,16 
utilization.memory [%]
0 %
utilization.gpu [%]
0 %
Time end:  22:56:19,14 
Time start:  22:56:19,15 
utilization.memory [%]
0 %
utilization.gpu [%]
0 %
Time end:  22:56:20,12 
Time start:  22:56:20,13 
utilization.memory [%]
0 %
utilization.gpu [%]
0 %
Time end:  22:56:21,21 
Time start:  22:56:21,21 
utilization.memory [%]
0 %
utilization.gpu [%]
0 %
Time end:  22:56:22,20 
Time start:  22:56:22,20 
utilization.memory [%]
0 %
utilization.gpu [%]
0 %
Time end:  22:56:23,18 
Time start:  22:56:23,18 
utilization.memory [%]
0 %
utilization.gpu [%]
0 %
Time end:  22:56:24,16 
Time start:  22:56:24,16 
utilization.memory [%]
0 %
utilization.gpu [%]
0 %
Time end:  22:56:25,14 
Time start:  22:56:25,14 
utilization.memory [%]
0 %
utilization.gpu [%]
0 %
Time end:  22:56:26,12 
Time start:  22:56:26,12 
utilization.memory [%]
0 %
utilization.gpu [%]
0 %
Time end:  22:56:27,20 
Time start:  22:56:27,20 
utilization.memory [%]
0 %
utilization.gpu [%]
0 %
Time end:  22:56:28,17 
Time start:  22:56:28,17 
utilization.memory [%]
0 %
utilization.gpu [%]
0 %
Time end:  22:56:29,15 
Time start:  22:56:29,15 
utilization.memory [%]
0 %
utilization.gpu [%]
0 %
Time end:  22:56:30,12 
Time start:  22:56:30,12 
utilization.memory [%]
0 %
utilization.gpu [%]
0 %
Time end:  22:56:31,18 
Time start:  22:56:31,18 
utilization.memory [%]
0 %
utilization.gpu [%]
0 %
Time end:  22:56:32,15 
Time start:  22:56:32,15 
utilization.memory [%]
0 %
utilization.gpu [%]
0 %
Time end:  22:56:33,19 
Time start:  22:56:33,19 
utilization.memory [%]
0 %
utilization.gpu [%]
0 %
Time end:  22:56:34,17 
Time start:  22:56:34,17 
utilization.memory [%]
0 %
utilization.gpu [%]
0 %
Time end:  22:56:35,16 
Time start:  22:56:35,16 
utilization.memory [%]
0 %
utilization.gpu [%]
0 %
Time end:  22:56:36,13 
Time start:  22:56:36,13 
utilization.memory [%]
0 %
utilization.gpu [%]
0 %
Time end:  22:56:37,11 
Time start:  22:56:37,11 
utilization.memory [%]
0 %
utilization.gpu [%]
0 %
Time end:  22:56:38,21 
Time start:  22:56:38,21 
utilization.memory [%]
0 %
utilization.gpu [%]
0 %
Time end:  22:56:39,19 
Time start:  22:56:39,19 
utilization.memory [%]
0 %
utilization.gpu [%]
0 %
Time end:  22:56:40,13 
Time start:  22:56:40,14 
utilization.memory [%]
0 %
utilization.gpu [%]
0 %
Time end:  22:56:41,21 
Time start:  22:56:41,21 
utilization.memory [%]
0 %
utilization.gpu [%]
0 %
Time end:  22:56:42,20 
Time start:  22:56:42,20 
utilization.memory [%]
0 %
utilization.gpu [%]
0 %
Time end:  22:56:43,17 
Time start:  22:56:43,17 
utilization.memory [%]
0 %
utilization.gpu [%]
0 %
Time end:  22:56:44,15 
Time start:  22:56:44,15 
utilization.memory [%]
0 %
utilization.gpu [%]
0 %
Time end:  22:56:45,13 
Time start:  22:56:45,13 
utilization.memory [%]
0 %
utilization.gpu [%]
0 %
Time end:  22:56:46,11 
Time start:  22:56:46,11 
utilization.memory [%]
0 %
utilization.gpu [%]
0 %
Time end:  22:56:47,11 
Time start:  22:56:47,11 
utilization.memory [%]
0 %
utilization.gpu [%]
0 %
Time end:  22:56:48,20 
Time start:  22:56:48,21 
utilization.memory [%]
0 %
utilization.gpu [%]
0 %
Time end:  22:56:49,19 
Time start:  22:56:49,19 
utilization.memory [%]
0 %
utilization.gpu [%]
0 %
Time end:  22:56:50,17 
Time start:  22:56:50,17 
utilization.memory [%]
0 %
utilization.gpu [%]
0 %
Time end:  22:56:51,16 
Time start:  22:56:51,16 
utilization.memory [%]
0 %
utilization.gpu [%]
0 %
Time end:  22:56:52,14 
Time start:  22:56:52,14 
utilization.memory [%]
0 %
utilization.gpu [%]
0 %
Time end:  22:56:53,12 
Time start:  22:56:53,13 
utilization.memory [%]
0 %
utilization.gpu [%]
0 %
Time end:  22:56:54,11 
Time start:  22:56:54,11 
utilization.memory [%]
0 %
utilization.gpu [%]
0 %
Time end:  22:56:55,21 
Time start:  22:56:55,21 
utilization.memory [%]
0 %
utilization.gpu [%]
0 %
Time end:  22:56:56,19 
Time start:  22:56:56,19 
utilization.memory [%]
0 %
utilization.gpu [%]
0 %
Time end:  22:56:57,16 
Time start:  22:56:57,16 
utilization.memory [%]
0 %
utilization.gpu [%]
0 %
Time end:  22:56:58,14 
Time start:  22:56:58,14 
utilization.memory [%]
0 %
utilization.gpu [%]
0 %
Time end:  22:56:59,13 
Time start:  22:56:59,13 
utilization.memory [%]
0 %
utilization.gpu [%]
0 %
Time end:  22:57:00,20 
Time start:  22:57:00,20 
utilization.memory [%]
0 %
utilization.gpu [%]
0 %
Time end:  22:57:01,17 
Time start:  22:57:01,17 
utilization.memory [%]
0 %
utilization.gpu [%]
0 %
Time end:  22:57:02,14 
Time start:  22:57:02,14 
utilization.memory [%]
0 %
utilization.gpu [%]
0 %
Time end:  22:57:03,11 
Time start:  22:57:03,11 
utilization.memory [%]
0 %
utilization.gpu [%]
0 %
Time end:  22:57:04,16 
Time start:  22:57:04,16 
utilization.memory [%]
0 %
utilization.gpu [%]
0 %
Time end:  22:57:05,14 
Time start:  22:57:05,14 
utilization.memory [%]
0 %
utilization.gpu [%]
0 %
Time end:  22:57:06,22 
Time start:  22:57:06,22 
utilization.memory [%]
0 %
utilization.gpu [%]
0 %
Time end:  22:57:07,17 
Time start:  22:57:07,17 
utilization.memory [%]
0 %
utilization.gpu [%]
0 %
Time end:  22:57:08,13 
Time start:  22:57:08,13 
utilization.memory [%]
0 %
utilization.gpu [%]
0 %
Time end:  22:57:09,19 
Time start:  22:57:09,19 
utilization.memory [%]
0 %
utilization.gpu [%]
0 %
Time end:  22:57:10,14 
Time start:  22:57:10,14 
utilization.memory [%]
0 %
utilization.gpu [%]
0 %
Time end:  22:57:11,19 
Time start:  22:57:11,20 
utilization.memory [%]
0 %
utilization.gpu [%]
0 %
Time end:  22:57:12,15 
Time start:  22:57:12,15 
utilization.memory [%]
0 %
utilization.gpu [%]
0 %
Time end:  22:57:13,20 
Time start:  22:57:13,20 
utilization.memory [%]
0 %
utilization.gpu [%]
0 %
Time end:  22:57:14,15 
Time start:  22:57:14,15 
utilization.memory [%]
0 %
utilization.gpu [%]
0 %
Time end:  22:57:15,20 
Time start:  22:57:15,20 
utilization.memory [%]
0 %
utilization.gpu [%]
0 %
Time end:  22:57:16,15 
Time start:  22:57:16,15 
utilization.memory [%]
0 %
utilization.gpu [%]
0 %
Time end:  22:57:17,11 
Time start:  22:57:17,11 
utilization.memory [%]
0 %
utilization.gpu [%]
0 %
Time end:  22:57:18,15 
Time start:  22:57:18,15 
utilization.memory [%]
0 %
utilization.gpu [%]
0 %
Time end:  22:57:19,21 
Time start:  22:57:19,21 
utilization.memory [%]
0 %
utilization.gpu [%]
0 %
Time end:  22:57:20,16 
Time start:  22:57:20,16 
utilization.memory [%]
0 %
utilization.gpu [%]
0 %
Time end:  22:57:21,13 
Time start:  22:57:21,13 
utilization.memory [%]
0 %
utilization.gpu [%]
0 %
Time end:  22:57:22,17 
Time start:  22:57:22,17 
utilization.memory [%]
0 %
utilization.gpu [%]
0 %
Time end:  22:57:23,21 
Time start:  22:57:23,21 
utilization.memory [%]
0 %
utilization.gpu [%]
0 %
Time end:  22:57:24,18 
Time start:  22:57:24,18 
utilization.memory [%]
0 %
utilization.gpu [%]
0 %
Time end:  22:57:25,14 
Time start:  22:57:25,14 
utilization.memory [%]
0 %
utilization.gpu [%]
0 %
Time end:  22:57:26,19 
Time start:  22:57:26,19 
utilization.memory [%]
0 %
utilization.gpu [%]
0 %
Time end:  22:57:27,16 
Time start:  22:57:27,16 
utilization.memory [%]
0 %
utilization.gpu [%]
0 %
Time end:  22:57:28,11 
Time start:  22:57:28,11 
utilization.memory [%]
0 %
utilization.gpu [%]
0 %
Time end:  22:57:29,18 
Time start:  22:57:29,18 
utilization.memory [%]
0 %
utilization.gpu [%]
0 %
Time end:  22:57:30,13 
Time start:  22:57:30,13 
utilization.memory [%]
0 %
utilization.gpu [%]
0 %
Time end:  22:57:31,20 
Time start:  22:57:31,20 
utilization.memory [%]
0 %
utilization.gpu [%]
0 %
Time end:  22:57:32,17 
Time start:  22:57:32,17 
utilization.memory [%]
0 %
utilization.gpu [%]
0 %
Time end:  22:57:33,11 
Time start:  22:57:33,11 
utilization.memory [%]
0 %
utilization.gpu [%]
0 %
Time end:  22:57:34,18 
Time start:  22:57:34,18 
utilization.memory [%]
0 %
utilization.gpu [%]
0 %
Time end:  22:57:35,14 
Time start:  22:57:35,14 
utilization.memory [%]
0 %
utilization.gpu [%]
0 %
Time end:  22:57:36,12 
Time start:  22:57:36,12 
utilization.memory [%]
0 %
utilization.gpu [%]
0 %
Time end:  22:57:37,19 
Time start:  22:57:37,19 
utilization.memory [%]
0 %
utilization.gpu [%]
0 %
Time end:  22:57:38,15 
Time start:  22:57:38,15 
utilization.memory [%]
0 %
utilization.gpu [%]
0 %
Time end:  22:57:39,13 
Time start:  22:57:39,13 
utilization.memory [%]
0 %
utilization.gpu [%]
0 %
Time end:  22:57:40,21 
Time start:  22:57:40,21 
utilization.memory [%]
0 %
utilization.gpu [%]
0 %
Time end:  22:57:41,17 
Time start:  22:57:41,17 
utilization.memory [%]
0 %
utilization.gpu [%]
0 %
Time end:  22:57:42,13 
Time start:  22:57:42,13 
utilization.memory [%]
0 %
utilization.gpu [%]
0 %
Time end:  22:57:43,21 
Time start:  22:57:43,21 
utilization.memory [%]
0 %
utilization.gpu [%]
0 %
Time end:  22:57:44,17 
Time start:  22:57:44,17 
utilization.memory [%]
0 %
utilization.gpu [%]
0 %
Time end:  22:57:45,15 
Time start:  22:57:45,15 
utilization.memory [%]
0 %
utilization.gpu [%]
0 %
Time end:  22:57:46,21 
Time start:  22:57:46,21 
utilization.memory [%]
0 %
utilization.gpu [%]
0 %
Time end:  22:57:47,21 
Time start:  22:57:47,21 
utilization.memory [%]
0 %
utilization.gpu [%]
0 %
Time end:  22:57:48,19 
Time start:  22:57:48,20 
utilization.memory [%]
0 %
utilization.gpu [%]
0 %
Time end:  22:57:49,16 
Time start:  22:57:49,16 
utilization.memory [%]
0 %
utilization.gpu [%]
0 %
Time end:  22:57:50,12 
Time start:  22:57:50,12 
utilization.memory [%]
0 %
utilization.gpu [%]
0 %
Time end:  22:57:51,19 
Time start:  22:57:51,19 
utilization.memory [%]
0 %
utilization.gpu [%]
0 %
Time end:  22:57:52,14 
Time start:  22:57:52,14 
utilization.memory [%]
0 %
utilization.gpu [%]
0 %
